c:\users\maith\onedrive\área de trabalho\unisinos_2021-1\processamento grafico\pg-2020-2-master\lista05\ex02\debug\vc142.pdb
c:\users\maith\onedrive\área de trabalho\unisinos_2021-1\processamento grafico\pg-2020-2-master\lista05\ex02\debug\vc142.idb
c:\users\maith\onedrive\área de trabalho\unisinos_2021-1\processamento grafico\pg-2020-2-master\lista05\ex02\debug\stb_image.obj
c:\users\maith\onedrive\área de trabalho\unisinos_2021-1\processamento grafico\pg-2020-2-master\lista05\ex02\debug\source.obj
c:\users\maith\onedrive\área de trabalho\unisinos_2021-1\processamento grafico\pg-2020-2-master\lista05\ex02\debug\scenemanager.obj
c:\users\maith\onedrive\área de trabalho\unisinos_2021-1\processamento grafico\pg-2020-2-master\lista05\ex02\debug\material.obj
c:\users\maith\onedrive\área de trabalho\unisinos_2021-1\processamento grafico\pg-2020-2-master\lista05\ex02\debug\gameobject.obj
c:\users\maith\onedrive\área de trabalho\unisinos_2021-1\processamento grafico\pg-2020-2-master\lista05\ex02\debug\glad.obj
f:\projeto_processamento\exemplotriangulo\lista5\ex02\debug\vc142.pdb
f:\projeto_processamento\exemplotriangulo\lista5\ex02\debug\vc142.idb
f:\projeto_processamento\exemplotriangulo\lista5\ex02\debug\stb_image.obj
f:\projeto_processamento\exemplotriangulo\lista5\ex02\debug\source.obj
f:\projeto_processamento\exemplotriangulo\lista5\ex02\debug\scenemanager.obj
f:\projeto_processamento\exemplotriangulo\lista5\ex02\debug\material.obj
f:\projeto_processamento\exemplotriangulo\lista5\ex02\debug\gameobject.obj
f:\projeto_processamento\exemplotriangulo\lista5\ex02\debug\glad.obj
c:\users\maith\onedrive\área de trabalho\unisinos_2021-1\processamento grafico\pg-2020-2-master\lista05\debug\ex02.ilk
c:\users\maith\onedrive\área de trabalho\unisinos_2021-1\processamento grafico\pg-2020-2-master\lista05\debug\ex02.exe
c:\users\maith\onedrive\área de trabalho\unisinos_2021-1\processamento grafico\pg-2020-2-master\lista05\debug\ex02.pdb
f:\projeto_processamento\exemplotriangulo\lista5\debug\ex02.exe
f:\projeto_processamento\exemplotriangulo\lista5\debug\ex02.ilk
f:\projeto_processamento\exemplotriangulo\lista5\debug\ex02.pdb
f:\projeto_processamento\exemplotriangulo\lista5\ex02\debug\ex02.tlog\cl.command.1.tlog
f:\projeto_processamento\exemplotriangulo\lista5\ex02\debug\ex02.tlog\cl.read.1.tlog
f:\projeto_processamento\exemplotriangulo\lista5\ex02\debug\ex02.tlog\cl.write.1.tlog
f:\projeto_processamento\exemplotriangulo\lista5\ex02\debug\ex02.tlog\link.command.1.tlog
f:\projeto_processamento\exemplotriangulo\lista5\ex02\debug\ex02.tlog\link.read.1.tlog
f:\projeto_processamento\exemplotriangulo\lista5\ex02\debug\ex02.tlog\link.write.1.tlog
