c:\users\maith\onedrive\área de trabalho\unisinos_2021-1\processamento grafico\pg-2020-2-master\lista05\ex03\debug\vc142.pdb
c:\users\maith\onedrive\área de trabalho\unisinos_2021-1\processamento grafico\pg-2020-2-master\lista05\ex03\debug\vc142.idb
c:\users\maith\onedrive\área de trabalho\unisinos_2021-1\processamento grafico\pg-2020-2-master\lista05\ex03\debug\stb_image.obj
c:\users\maith\onedrive\área de trabalho\unisinos_2021-1\processamento grafico\pg-2020-2-master\lista05\ex03\debug\source.obj
c:\users\maith\onedrive\área de trabalho\unisinos_2021-1\processamento grafico\pg-2020-2-master\lista05\ex03\debug\scenemanager.obj
c:\users\maith\onedrive\área de trabalho\unisinos_2021-1\processamento grafico\pg-2020-2-master\lista05\ex03\debug\material.obj
c:\users\maith\onedrive\área de trabalho\unisinos_2021-1\processamento grafico\pg-2020-2-master\lista05\ex03\debug\gameobject.obj
c:\users\maith\onedrive\área de trabalho\unisinos_2021-1\processamento grafico\pg-2020-2-master\lista05\ex03\debug\glad.obj
f:\projeto_processamento\exemplotriangulo\lista5\ex03\debug\vc142.pdb
f:\projeto_processamento\exemplotriangulo\lista5\ex03\debug\vc142.idb
f:\projeto_processamento\exemplotriangulo\lista5\ex03\debug\stb_image.obj
f:\projeto_processamento\exemplotriangulo\lista5\ex03\debug\source.obj
f:\projeto_processamento\exemplotriangulo\lista5\ex03\debug\scenemanager.obj
f:\projeto_processamento\exemplotriangulo\lista5\ex03\debug\material.obj
f:\projeto_processamento\exemplotriangulo\lista5\ex03\debug\gameobject.obj
f:\projeto_processamento\exemplotriangulo\lista5\ex03\debug\glad.obj
c:\users\maith\onedrive\área de trabalho\unisinos_2021-1\processamento grafico\pg-2020-2-master\lista05\debug\ex03.ilk
c:\users\maith\onedrive\área de trabalho\unisinos_2021-1\processamento grafico\pg-2020-2-master\lista05\debug\ex03.exe
c:\users\maith\onedrive\área de trabalho\unisinos_2021-1\processamento grafico\pg-2020-2-master\lista05\debug\ex03.pdb
f:\projeto_processamento\exemplotriangulo\lista5\debug\ex03.exe
f:\projeto_processamento\exemplotriangulo\lista5\debug\ex03.ilk
f:\projeto_processamento\exemplotriangulo\lista5\debug\ex03.pdb
f:\projeto_processamento\exemplotriangulo\lista5\ex03\debug\ex03.tlog\cl.command.1.tlog
f:\projeto_processamento\exemplotriangulo\lista5\ex03\debug\ex03.tlog\cl.read.1.tlog
f:\projeto_processamento\exemplotriangulo\lista5\ex03\debug\ex03.tlog\cl.write.1.tlog
f:\projeto_processamento\exemplotriangulo\lista5\ex03\debug\ex03.tlog\link.command.1.tlog
f:\projeto_processamento\exemplotriangulo\lista5\ex03\debug\ex03.tlog\link.read.1.tlog
f:\projeto_processamento\exemplotriangulo\lista5\ex03\debug\ex03.tlog\link.write.1.tlog
